2025-10-26 01:49:42, SELF, v:1, k:poo@camisa, rate:100, alone:10
2025-10-26 01:49:45, MOVE, v:1, k:poo@camisa, mode:PICK
2025-10-26 01:52:13, EXEC, v:1, k:poo@camisa, mode:LOCK, rate:0
2025-10-26 02:04:50, EXEC, v:1, k:poo@camisa, mode:LOCK, rate:100, size:14
2025-10-26 02:04:51, EXEC, v:1, k:poo@camisa, mode:LOCK, rate:100
2025-10-26 02:05:02, MOVE, v:1, k:poo@camisa, mode:BACK
2025-10-26 02:05:06, MOVE, v:1, k:poo@camisa, mode:PICK
2025-10-26 02:05:09, EXEC, v:1, k:poo@camisa, mode:FREE
2025-10-26 02:23:57, MOVE, v:1, k:poo@charger, mode:PICK
2025-10-26 02:24:05, EXEC, v:1, k:poo@charger, mode:FULL, rate:15
2025-10-26 02:24:49, EXEC, v:1, k:poo@charger, mode:FULL, rate:25, size:154
2025-10-26 02:25:37, EXEC, v:1, k:poo@charger, mode:FULL, rate:15, size:154
2025-10-26 02:26:05, EXEC, v:1, k:poo@charger, mode:FULL, rate:15
2025-10-26 02:34:08, MOVE, v:1, k:poo@charger, mode:BACK
2025-10-26 13:53:50, MOVE, v:1, k:poo@notebook, mode:PICK
2025-10-26 13:53:52, EXEC, v:1, k:poo@notebook, mode:LOCK, rate:0
2025-10-26 13:55:02, MOVE, v:1, k:poo@notebook, mode:BACK
2025-10-26 13:55:08, MOVE, v:1, k:poo@charger, mode:PICK
2025-10-26 13:55:19, EXEC, v:1, k:poo@charger, mode:FULL, rate:15
2025-10-26 13:59:28, EXEC, v:1, k:poo@charger, mode:FULL, rate:25, size:154
2025-10-26 14:01:40, EXEC, v:1, k:poo@charger, mode:FULL, rate:35, size:153
2025-10-26 14:07:55, EXEC, v:1, k:poo@charger, mode:FULL, rate:30, size:150
2025-10-26 14:10:45, EXEC, v:1, k:poo@charger, mode:FULL, rate:40, size:152
2025-10-26 14:12:23, EXEC, v:1, k:poo@charger, mode:FULL, rate:45, size:151
2025-10-26 14:12:40, EXEC, v:1, k:poo@charger, mode:FULL, rate:45, size:151
2025-10-26 14:13:06, EXEC, v:1, k:poo@charger, mode:FULL, rate:50, size:151
2025-10-26 14:13:29, EXEC, v:1, k:poo@charger, mode:FULL, rate:50, size:151
2025-10-26 14:16:39, EXEC, v:1, k:poo@charger, mode:FULL, rate:55, size:153
2025-10-26 14:19:56, EXEC, v:1, k:poo@charger, mode:FULL, rate:55, size:157
2025-10-26 14:25:14, EXEC, v:1, k:poo@charger, mode:FULL, rate:35, size:158
2025-10-26 14:29:37, EXEC, v:1, k:poo@charger, mode:FULL, rate:35, size:160
2025-10-26 14:39:22, MOVE, v:1, k:poo@charger, mode:BACK
2025-10-26 14:39:27, MOVE, v:1, k:poo@tamagotchi, mode:PICK
2025-10-26 14:39:30, EXEC, v:1, k:poo@tamagotchi, mode:FULL, rate:0
2025-10-26 14:39:35, MOVE, v:1, k:poo@tamagotchi, mode:BACK
2025-10-26 14:39:41, MOVE, v:1, k:poo@charger, mode:PICK
2025-10-26 14:39:46, EXEC, v:1, k:poo@charger, mode:FULL, rate:35, size:160
2025-10-26 14:48:37, EXEC, v:1, k:poo@charger, mode:FULL, rate:35, size:160
2025-10-26 14:51:20, EXEC, v:1, k:poo@charger, mode:FULL, rate:35, size:160
2025-10-26 14:52:10, EXEC, v:1, k:poo@charger, mode:FULL, rate:35, size:160
2025-10-26 14:55:13, EXEC, v:1, k:poo@charger, mode:FULL, rate:85, size:156
2025-10-26 14:58:55, EXEC, v:1, k:poo@charger, mode:FULL, rate:85, size:159
2025-10-26 15:03:34, EXEC, v:1, k:poo@charger, mode:FULL, rate:85
2025-10-26 15:08:43, EXEC, v:1, k:poo@charger, mode:FULL, rate:0, size:161
2025-10-26 15:08:56, EXEC, v:1, k:poo@charger, mode:FULL, rate:90, size:161
2025-10-26 15:10:23, EXEC, v:1, k:poo@charger, mode:FULL, rate:95, size:162
2025-10-26 15:11:43, EXEC, v:1, k:poo@charger, mode:FULL, rate:55, size:164
2025-10-26 15:16:41, EXEC, v:1, k:poo@charger, mode:FULL, rate:95, size:162
2025-10-26 15:21:49, EXEC, v:1, k:poo@charger, mode:FULL, rate:80, size:157
2025-10-26 15:24:01, EXEC, v:1, k:poo@charger, mode:FULL, rate:85, size:157
2025-10-26 15:38:53, EXEC, v:1, k:poo@charger, mode:FULL, rate:85, size:167
2025-10-26 15:40:45, EXEC, v:1, k:poo@charger, mode:FULL, rate:85, size:167
2025-10-26 15:47:13, EXEC, v:1, k:poo@charger, mode:FULL, rate:35, size:171
2025-10-26 15:49:49, EXEC, v:1, k:poo@charger, mode:FULL, rate:85, size:166
2025-10-26 15:55:14, EXEC, v:1, k:poo@charger, mode:FULL, rate:85, size:168
2025-10-26 16:00:43, EXEC, v:1, k:poo@charger, mode:FULL, rate:85, size:166
2025-10-26 16:06:16, EXEC, v:1, k:poo@charger, mode:FULL, rate:85, size:165
2025-10-26 16:11:48, EXEC, v:1, k:poo@charger, mode:FULL, rate:85, size:166
2025-10-26 16:11:55, EXEC, v:1, k:poo@charger, mode:FULL, rate:85
2025-10-26 16:15:48, EXEC, v:1, k:poo@charger, mode:FULL, rate:85, size:167
2025-10-26 16:21:47, EXEC, v:1, k:poo@charger, mode:FULL, rate:45, size:169
2025-10-26 16:22:08, EXEC, v:1, k:poo@charger, mode:FULL, rate:45
2025-10-26 16:24:42, EXEC, v:1, k:poo@charger, mode:FULL, rate:85, size:189
2025-10-26 16:30:35, EXEC, v:1, k:poo@charger, mode:FULL, rate:85, size:173
2025-10-26 16:33:57, MOVE, v:1, k:poo@charger, mode:BACK
2025-10-26 16:39:52, MOVE, v:1, k:poo@tamagotchi, mode:PICK
2025-10-26 16:39:54, EXEC, v:1, k:poo@tamagotchi, mode:FULL, rate:0
2025-10-26 17:06:54, MOVE, v:1, k:poo@tamagotchi, mode:BACK
2025-10-26 17:26:31, MOVE, v:1, k:poo@tamagotchi, mode:PICK
2025-10-26 17:26:33, EXEC, v:1, k:poo@tamagotchi, mode:FULL, rate:0, size:32
2025-10-26 17:26:56, EXEC, v:1, k:poo@tamagotchi, mode:FULL, rate:0, size:43
2025-10-26 18:38:29, EXEC, v:1, k:poo@tamagotchi, mode:FULL, rate:0, size:66
2025-10-26 18:57:55, EXEC, v:1, k:poo@tamagotchi, mode:FULL, rate:0, size:66
2025-10-26 19:04:33, EXEC, v:1, k:poo@tamagotchi, mode:FULL, rate:0, size:68
2025-10-26 19:18:21, EXEC, v:1, k:poo@tamagotchi, mode:FULL, rate:0, size:70
2025-10-26 19:19:30, EXEC, v:1, k:poo@tamagotchi, mode:FULL, rate:0
2025-10-26 19:19:52, EXEC, v:1, k:poo@tamagotchi, mode:FULL, rate:0
2025-10-26 19:19:53, EXEC, v:1, k:poo@tamagotchi, mode:FULL, rate:0
2025-10-26 19:22:08, EXEC, v:1, k:poo@tamagotchi, mode:FULL, rate:0, size:66
2025-10-26 19:33:04, EXEC, v:1, k:poo@tamagotchi, mode:FULL, rate:0, size:85
2025-10-26 19:34:30, EXEC, v:1, k:poo@tamagotchi, mode:FULL, rate:0, size:63
2025-10-26 19:35:29, EXEC, v:1, k:poo@tamagotchi, mode:FULL, rate:0, size:30
2025-10-26 19:36:00, EXEC, v:1, k:poo@tamagotchi, mode:FULL, rate:0, size:30
2025-10-26 19:37:19, EXEC, v:1, k:poo@tamagotchi, mode:FREE
2025-10-26 19:38:18, EXEC, v:1, k:poo@tamagotchi, mode:FULL, rate:0, size:40
2025-10-26 19:39:48, EXEC, v:1, k:poo@tamagotchi, mode:FULL, rate:0, size:38
2025-10-26 19:42:05, EXEC, v:1, k:poo@tamagotchi, mode:FULL, rate:0, size:48
2025-10-26 19:42:54, EXEC, v:1, k:poo@tamagotchi, mode:FULL, rate:0, size:41
2025-10-26 19:44:18, EXEC, v:1, k:poo@tamagotchi, mode:FULL, rate:0
2025-10-26 19:44:29, MOVE, v:1, k:poo@tamagotchi, mode:BACK
2025-10-26 19:47:00, SELF, v:1, k:poo@notebook, rate:70, alone:8, study:60
2025-10-26 19:47:22, SELF, v:1, k:poo@notebook, rate:70, alone:8, study:40
2025-10-26 19:48:11, SELF, v:1, k:poo@tamagotchi, alone:7, study:120
2025-10-26 19:49:09, SELF, v:1, k:poo@charger, rate:85, human:desenrolei_o_maximo_q_consegui_depois_nem_com_ajuda_consegui_concluir, study:180
2025-10-26 20:28:50, SELF, v:1, k:poo@motoca, rate:100, human:irma, iagen:tive_que_tirar_umas_duvidas_q_tava_dando_erro_ai_o_gemini_me_corrigiu, alone:8, study:140
2025-10-26 22:23:07, MOVE, v:1, k:poo@tamagotchi, mode:PICK
2025-10-26 22:23:11, EXEC, v:1, k:poo@tamagotchi, mode:FULL, rate:0
2025-10-26 22:28:45, EXEC, v:1, k:poo@tamagotchi, mode:FULL, rate:0, size:117
2025-10-26 22:30:28, EXEC, v:1, k:poo@tamagotchi, mode:FULL, rate:0, size:149
2025-10-26 22:32:49, EXEC, v:1, k:poo@tamagotchi, mode:FULL, rate:0, size:126
2025-10-26 22:33:53, EXEC, v:1, k:poo@tamagotchi, mode:FULL, rate:0, size:98
2025-10-26 22:38:34, EXEC, v:1, k:poo@tamagotchi, mode:FULL, rate:0, size:101
2025-10-26 22:41:24, EXEC, v:1, k:poo@tamagotchi, mode:FULL, rate:0, size:102
2025-10-26 22:42:31, EXEC, v:1, k:poo@tamagotchi, mode:FULL, rate:0, size:101
2025-10-26 22:48:36, EXEC, v:1, k:poo@tamagotchi, mode:FULL, rate:0, size:121
2025-10-26 22:49:59, EXEC, v:1, k:poo@tamagotchi, mode:FULL, rate:0, size:98
2025-10-26 22:50:49, EXEC, v:1, k:poo@tamagotchi, mode:FULL, rate:12, size:99
2025-10-26 22:53:41, EXEC, v:1, k:poo@tamagotchi, mode:FULL, rate:12, size:102
2025-10-26 22:56:02, EXEC, v:1, k:poo@tamagotchi, mode:FULL, rate:25, size:102
2025-10-26 22:57:28, EXEC, v:1, k:poo@tamagotchi, mode:FULL, rate:12, size:102
2025-10-26 22:57:39, EXEC, v:1, k:poo@tamagotchi, mode:FULL, rate:25, size:102
2025-10-26 22:59:48, EXEC, v:1, k:poo@tamagotchi, mode:FULL, rate:25, size:103
2025-10-26 23:01:42, EXEC, v:1, k:poo@tamagotchi, mode:FULL, rate:25, size:103
2025-10-26 23:03:17, EXEC, v:1, k:poo@tamagotchi, mode:FULL, rate:37, size:103
2025-10-26 23:04:38, EXEC, v:1, k:poo@tamagotchi, mode:FULL, rate:12, size:103
2025-10-26 23:04:58, EXEC, v:1, k:poo@tamagotchi, mode:FULL, rate:37, size:104
2025-10-26 23:07:29, EXEC, v:1, k:poo@tamagotchi, mode:FULL, rate:37, size:104
2025-10-26 23:09:56, EXEC, v:1, k:poo@tamagotchi, mode:FULL, rate:37, size:103
2025-10-26 23:10:20, MOVE, v:1, k:poo@tamagotchi, mode:BACK
2025-10-26 23:10:59, MOVE, v:1, k:poo@tamagotchi, mode:PICK
2025-10-26 23:11:02, EXEC, v:1, k:poo@tamagotchi, mode:FULL, rate:37
2025-10-26 23:13:53, EXEC, v:1, k:poo@tamagotchi, mode:FULL, rate:37, size:135
2025-10-26 23:17:26, EXEC, v:1, k:poo@tamagotchi, mode:FULL, rate:12, size:133
2025-10-26 23:17:51, EXEC, v:1, k:poo@tamagotchi, mode:FULL, rate:37, size:135
2025-10-26 23:19:52, EXEC, v:1, k:poo@tamagotchi, mode:FULL, rate:50, size:146
2025-10-26 23:21:20, EXEC, v:1, k:poo@tamagotchi, mode:FULL, rate:50, size:116
2025-10-26 23:21:20, MOVE, v:1, k:poo@tamagotchi, mode:BACK
2025-10-26 23:21:25, MOVE, v:1, k:poo@tamagotchi, mode:PICK
2025-10-26 23:21:29, MOVE, v:1, k:poo@tamagotchi, mode:BACK
2025-10-26 23:22:19, MOVE, v:1, k:poo@tamagotchi, mode:PICK
2025-10-26 23:22:35, EXEC, v:1, k:poo@tamagotchi, mode:FULL, rate:50
2025-10-26 23:23:25, MOVE, v:1, k:poo@tamagotchi, mode:BACK
2025-10-26 23:23:50, MOVE, v:1, k:poo@tamagotchi, mode:PICK
2025-10-26 23:23:53, EXEC, v:1, k:poo@tamagotchi, mode:FULL, rate:50
2025-10-26 23:27:06, MOVE, v:1, k:poo@tamagotchi, mode:PICK
2025-10-26 23:27:11, EXEC, v:1, k:poo@tamagotchi, mode:FULL, rate:50
2025-10-26 23:29:21, EXEC, v:1, k:poo@tamagotchi, mode:FULL, rate:50, size:141
2025-10-26 23:30:58, EXEC, v:1, k:poo@tamagotchi, mode:FULL, rate:50, size:117
2025-10-26 23:33:09, EXEC, v:1, k:poo@tamagotchi, mode:FULL, rate:12, size:140
2025-10-26 23:33:29, EXEC, v:1, k:poo@tamagotchi, mode:FULL, rate:50, size:117
2025-10-26 23:35:45, EXEC, v:1, k:poo@tamagotchi, mode:FULL, rate:50
2025-10-26 23:37:49, EXEC, v:1, k:poo@tamagotchi, mode:FULL, rate:50, size:145
2025-10-26 23:39:43, EXEC, v:1, k:poo@tamagotchi, mode:FULL, rate:50
2025-10-26 23:40:55, EXEC, v:1, k:poo@tamagotchi, mode:FULL, rate:50, size:118
2025-10-26 23:40:56, MOVE, v:1, k:poo@tamagotchi, mode:BACK
2025-10-26 23:43:52, SELF, v:1, k:poo@tamagotchi, rate:50, iagen:pedi_ajuda_com_a_linha_q_tava_dando_erro_mas_nao_consegui_corrigir_de_forma_alguma_nem_com_gemini_nem_gpt, alone:9, study:150
2025-10-26 23:44:17, SELF, v:1, k:poo@tamagotchi, rate:50, iagen:pedi_ajuda_com_a_linha_q_tava_dando_erro_mas_nao_consegui_corrigir_de_forma_alguma_nem_com_gemini_nem_gpt, alone:9, study:190
2025-10-26 23:44:55, SELF, v:1, k:poo@charger, rate:85, human:desenrolei_o_maximo_q_consegui_depois_nem_com_ajuda_consegui_concluir, alone:9, study:180
2025-10-26 23:45:30, SELF, v:1, k:poo@charger, rate:85, human:desenrolei_o_maximo_q_consegui_depois_nem_com_ajuda_consegui_concluir, alone:9, study:360
2025-10-26 23:46:34, SELF, v:1, k:poo@chinela
