2025-10-25 00:13:18, MOVE, v:1, k:poo@charger, mode:BACK
2025-10-25 00:13:45, MOVE, v:1, k:poo@camisa, mode:PICK
2025-10-25 00:14:04, MOVE, v:1, k:poo@camisa, mode:BACK
2025-10-25 00:14:08, MOVE, v:1, k:poo@notebook, mode:PICK
2025-10-25 00:14:10, EXEC, v:1, k:poo@notebook, mode:LOCK, rate:100, size:57
2025-10-25 00:17:46, EXEC, v:1, k:poo@notebook, mode:LOCK, rate:100, size:59
2025-10-25 00:17:50, MOVE, v:1, k:poo@notebook, mode:BACK
2025-10-25 00:17:57, MOVE, v:1, k:poo@charger, mode:PICK
2025-10-25 00:18:02, EXEC, v:1, k:poo@charger, mode:FULL, rate:0
2025-10-25 00:19:02, MOVE, v:1, k:poo@charger, mode:BACK
2025-10-25 00:19:07, MOVE, v:1, k:poo@roupa, mode:PICK
2025-10-25 00:19:08, EXEC, v:1, k:poo@roupa, mode:FULL, rate:0
2025-10-25 00:20:11, EXEC, v:1, k:poo@roupa, mode:FULL, rate:0
2025-10-25 00:22:15, MOVE, v:1, k:poo@tamagotchi, mode:PICK
2025-10-25 00:22:16, MOVE, v:1, k:poo@tamagotchi, mode:BACK
2025-10-25 00:24:02, MOVE, v:1, k:poo@charger, mode:PICK
2025-10-25 00:32:01, EXEC, v:1, k:poo@charger, mode:FULL, rate:0
2025-10-25 00:32:31, MOVE, v:1, k:poo@charger, mode:BACK
2025-10-25 00:33:06, MOVE, v:1, k:poo@charger, mode:PICK
2025-10-25 00:40:56, EXEC, v:1, k:poo@charger, mode:FULL, rate:0
2025-10-25 00:40:56, MOVE, v:1, k:poo@charger, mode:BACK
2025-10-25 00:41:19, MOVE, v:1, k:poo@roupa, mode:PICK
2025-10-25 00:42:36, MOVE, v:1, k:poo@roupa, mode:PICK
2025-10-25 00:42:37, EXEC, v:1, k:poo@roupa, mode:FULL, rate:0, size:39
2025-10-25 00:42:55, MOVE, v:1, k:poo@roupa, mode:BACK
2025-10-25 00:44:16, MOVE, v:1, k:poo@roupa, mode:PICK
2025-10-25 00:44:19, EXEC, v:1, k:poo@roupa, mode:FREE
2025-10-25 00:47:59, EXEC, v:1, k:poo@roupa, mode:FULL, rate:0
2025-10-25 00:49:44, EXEC, v:1, k:poo@roupa, mode:FREE, size:39
2025-10-25 00:50:48, MOVE, v:1, k:poo@roupa, mode:PICK
2025-10-25 00:50:49, EXEC, v:1, k:poo@roupa, mode:FREE
2025-10-25 00:52:15, MOVE, v:1, k:poo@roupa, mode:BACK
2025-10-25 00:54:09, MOVE, v:1, k:poo@notebook, mode:PICK
2025-10-25 00:54:10, EXEC, v:1, k:poo@notebook, mode:LOCK, rate:0, size:59
2025-10-25 00:54:11, EXEC, v:1, k:poo@notebook, mode:LOCK, rate:0
2025-10-25 01:01:00, MOVE, v:1, k:poo@notebook, mode:BACK
2025-10-25 01:01:07, MOVE, v:1, k:poo@charger, mode:PICK
2025-10-25 01:01:12, EXEC, v:1, k:poo@charger, mode:FULL, rate:0, size:59
2025-10-25 01:03:48, EXEC, v:1, k:poo@charger, mode:FULL, rate:0, size:59
2025-10-25 01:04:06, EXEC, v:1, k:poo@charger, mode:FULL, rate:5, size:59
2025-10-25 01:08:33, EXEC, v:1, k:poo@charger, mode:FULL, rate:5, size:61
2025-10-25 01:12:48, EXEC, v:1, k:poo@charger, mode:FULL, rate:5, size:74
2025-10-25 01:15:40, EXEC, v:1, k:poo@charger, mode:FULL, rate:5
2025-10-25 01:15:54, MOVE, v:1, k:poo@charger, mode:BACK
2025-10-25 02:42:45, MOVE, v:1, k:poo@charger, mode:PICK
2025-10-25 02:42:51, EXEC, v:1, k:poo@charger, mode:FULL, rate:5
2025-10-25 02:50:35, EXEC, v:1, k:poo@charger, mode:FULL, rate:5, size:66
2025-10-25 03:12:06, EXEC, v:1, k:poo@charger, mode:FULL, rate:0, size:20
2025-10-25 03:12:07, MOVE, v:1, k:poo@charger, mode:BACK
2025-10-25 17:35:26, MOVE, v:1, k:poo@charger, mode:PICK
2025-10-25 17:35:27, EXEC, v:1, k:poo@charger, mode:FULL, rate:0, size:25
2025-10-25 18:14:37, EXEC, v:1, k:poo@charger, mode:FULL, rate:0, size:83
2025-10-25 18:14:37, EXEC, v:1, k:poo@charger, mode:FULL, rate:0, size:83
2025-10-25 19:10:24, EXEC, v:1, k:poo@charger, mode:FULL, rate:15, size:151
2025-10-25 19:11:23, MOVE, v:1, k:poo@charger, mode:PICK
2025-10-25 19:11:28, MOVE, v:1, k:poo@charger, mode:BACK
2025-10-25 19:12:37, MOVE, v:1, k:poo@charger, mode:PICK
